

Started GET "/" for 127.0.0.1 at 2015-12-02 21:46:40 -0800
  [1m[36mActiveRecord::SchemaMigration Load (1.6ms)[0m  [1mSELECT "schema_migrations".* FROM "schema_migrations"[0m
Processing by HomeController#index as HTML
  [1m[35mPokemon Load (2.7ms)[0m  SELECT "pokemons".* FROM "pokemons" WHERE "pokemons"."trainer_id" IS NULL
  Rendered home/index.html.erb within layouts/application (5.5ms)
  [1m[36mUser Load (2.5ms)[0m  [1mSELECT  "users".* FROM "users" WHERE "users"."id" = ?  ORDER BY "users"."id" ASC LIMIT 1[0m  [["id", 12]]
  Rendered layouts/_navigation_links.html.erb (24.6ms)
  Rendered layouts/_navigation.html.erb (28.5ms)
  Rendered layouts/_messages.html.erb (1.2ms)
Completed 200 OK in 7058ms (Views: 7001.5ms | ActiveRecord: 6.0ms)


Started GET "/" for 127.0.0.1 at 2015-12-02 21:46:47 -0800
Processing by HomeController#index as HTML
  [1m[35mPokemon Load (0.2ms)[0m  SELECT "pokemons".* FROM "pokemons" WHERE "pokemons"."trainer_id" IS NULL
  Rendered home/index.html.erb within layouts/application (0.1ms)
  [1m[36mUser Load (0.1ms)[0m  [1mSELECT  "users".* FROM "users" WHERE "users"."id" = ?  ORDER BY "users"."id" ASC LIMIT 1[0m  [["id", 12]]
  Rendered layouts/_navigation_links.html.erb (2.0ms)
  Rendered layouts/_navigation.html.erb (3.2ms)
  Rendered layouts/_messages.html.erb (0.1ms)
Completed 200 OK in 179ms (Views: 177.7ms | ActiveRecord: 0.3ms)


Started GET "/" for 127.0.0.1 at 2015-12-02 21:46:48 -0800
Processing by HomeController#index as HTML
  [1m[35mPokemon Load (0.2ms)[0m  SELECT "pokemons".* FROM "pokemons" WHERE "pokemons"."trainer_id" IS NULL
  Rendered home/index.html.erb within layouts/application (0.0ms)
  [1m[36mUser Load (0.1ms)[0m  [1mSELECT  "users".* FROM "users" WHERE "users"."id" = ?  ORDER BY "users"."id" ASC LIMIT 1[0m  [["id", 12]]
  Rendered layouts/_navigation_links.html.erb (1.4ms)
  Rendered layouts/_navigation.html.erb (2.9ms)
  Rendered layouts/_messages.html.erb (0.1ms)
Completed 200 OK in 245ms (Views: 243.8ms | ActiveRecord: 0.2ms)


Started GET "/" for 127.0.0.1 at 2015-12-02 21:46:48 -0800
Processing by HomeController#index as HTML
  [1m[35mPokemon Load (0.2ms)[0m  SELECT "pokemons".* FROM "pokemons" WHERE "pokemons"."trainer_id" IS NULL
  Rendered home/index.html.erb within layouts/application (0.1ms)
  [1m[36mUser Load (0.2ms)[0m  [1mSELECT  "users".* FROM "users" WHERE "users"."id" = ?  ORDER BY "users"."id" ASC LIMIT 1[0m  [["id", 12]]
  Rendered layouts/_navigation_links.html.erb (1.9ms)
  Rendered layouts/_navigation.html.erb (3.6ms)
  Rendered layouts/_messages.html.erb (0.1ms)
Completed 200 OK in 186ms (Views: 184.3ms | ActiveRecord: 0.4ms)


Started GET "/users/sign_up" for 127.0.0.1 at 2015-12-02 21:46:50 -0800
Processing by Devise::RegistrationsController#new as HTML
  Rendered devise/registrations/new.html.erb within layouts/application (94.3ms)
  Rendered layouts/_navigation_links.html.erb (0.3ms)
  Rendered layouts/_navigation.html.erb (1.5ms)
  Rendered layouts/_messages.html.erb (0.1ms)
Completed 200 OK in 377ms (Views: 362.0ms | ActiveRecord: 0.0ms)


Started POST "/users" for 127.0.0.1 at 2015-12-02 21:47:04 -0800
Processing by Devise::RegistrationsController#create as HTML
  Parameters: {"utf8"=>"✓", "authenticity_token"=>"sI9fRbTT/0Y6/JfkWKFrH/scF7Fyg7zPFMG9mmz1K0Sre+HDuuxCthrawZR3jZOs6SLu9U8NuAfXWTeP5SRGlw==", "user"=>{"name"=>"asdfasdf", "email"=>"adsfljadsfl@gmail.com", "phone"=>"asdf", "age"=>"32", "sex"=>"23", "password"=>"[FILTERED]", "password_confirmation"=>"[FILTERED]"}, "commit"=>"Sign up"}
  [1m[35m (0.1ms)[0m  begin transaction
  [1m[36mUser Exists (3.3ms)[0m  [1mSELECT  1 AS one FROM "users" WHERE "users"."email" = 'adsfljadsfl@gmail.com' LIMIT 1[0m
  [1m[35mCACHE (0.1ms)[0m  SELECT  1 AS one FROM "users" WHERE "users"."email" = 'adsfljadsfl@gmail.com' LIMIT 1
  [1m[36mCACHE (0.0ms)[0m  [1mSELECT  1 AS one FROM "users" WHERE "users"."email" = 'adsfljadsfl@gmail.com' LIMIT 1[0m
  [1m[35mUser Exists (0.2ms)[0m  SELECT  1 AS one FROM "users" WHERE "users"."phone" = 'asdf' LIMIT 1
  [1m[36mSQL (3.3ms)[0m  [1mINSERT INTO "users" ("email", "encrypted_password", "name", "phone", "age", "sex", "created_at", "updated_at") VALUES (?, ?, ?, ?, ?, ?, ?, ?)[0m  [["email", "adsfljadsfl@gmail.com"], ["encrypted_password", "$2a$10$sj7eiXGNDNWKP6h/moPfT.mgm3si6wsQlsxN3.D2lDDLFzmkGwAkS"], ["name", "asdfasdf"], ["phone", "asdf"], ["age", 32], ["sex", "23"], ["created_at", "2015-12-03 05:47:04.952650"], ["updated_at", "2015-12-03 05:47:04.952650"]]
  [1m[35m (5.2ms)[0m  commit transaction
  [1m[36m (0.1ms)[0m  [1mbegin transaction[0m
  [1m[35mSQL (0.3ms)[0m  UPDATE "users" SET "last_sign_in_at" = ?, "current_sign_in_at" = ?, "last_sign_in_ip" = ?, "current_sign_in_ip" = ?, "sign_in_count" = ?, "updated_at" = ? WHERE "users"."id" = ?  [["last_sign_in_at", "2015-12-03 05:47:04.970052"], ["current_sign_in_at", "2015-12-03 05:47:04.970052"], ["last_sign_in_ip", "127.0.0.1"], ["current_sign_in_ip", "127.0.0.1"], ["sign_in_count", 1], ["updated_at", "2015-12-03 05:47:04.971886"], ["id", 12]]
  [1m[36m (6.0ms)[0m  [1mcommit transaction[0m
Redirected to http://localhost:3001/
Completed 302 Found in 219ms (ActiveRecord: 18.6ms)


Started GET "/" for 127.0.0.1 at 2015-12-02 21:47:05 -0800
Processing by HomeController#index as HTML
  [1m[35mPokemon Load (0.3ms)[0m  SELECT "pokemons".* FROM "pokemons" WHERE "pokemons"."trainer_id" IS NULL
  Rendered home/index.html.erb within layouts/application (0.1ms)
  [1m[36mUser Load (0.1ms)[0m  [1mSELECT  "users".* FROM "users" WHERE "users"."id" = ?  ORDER BY "users"."id" ASC LIMIT 1[0m  [["id", 12]]
  Rendered layouts/_navigation_links.html.erb (1.3ms)
  Rendered layouts/_navigation.html.erb (2.4ms)
  Rendered layouts/_messages.html.erb (0.1ms)
Completed 200 OK in 159ms (Views: 156.6ms | ActiveRecord: 0.4ms)


Started GET "/" for 127.0.0.1 at 2015-12-02 21:54:13 -0800
Processing by HomeController#index as HTML
  [1m[35mPokemon Load (1.6ms)[0m  SELECT "pokemons".* FROM "pokemons" WHERE "pokemons"."trainer_id" IS NULL
  Rendered home/index.html.erb within layouts/application (1.3ms)
  [1m[36mUser Load (0.2ms)[0m  [1mSELECT  "users".* FROM "users" WHERE "users"."id" = ?  ORDER BY "users"."id" ASC LIMIT 1[0m  [["id", 12]]
  Rendered layouts/_navigation_links.html.erb (5.2ms)
  Rendered layouts/_navigation.html.erb (7.2ms)
  Rendered layouts/_messages.html.erb (0.3ms)
Completed 200 OK in 473ms (Views: 434.8ms | ActiveRecord: 1.8ms)


Started GET "/" for 127.0.0.1 at 2015-12-02 21:54:14 -0800
Processing by HomeController#index as HTML
  [1m[35mPokemon Load (0.4ms)[0m  SELECT "pokemons".* FROM "pokemons" WHERE "pokemons"."trainer_id" IS NULL
  Rendered home/index.html.erb within layouts/application (0.1ms)
  [1m[36mUser Load (0.1ms)[0m  [1mSELECT  "users".* FROM "users" WHERE "users"."id" = ?  ORDER BY "users"."id" ASC LIMIT 1[0m  [["id", 12]]
  Rendered layouts/_navigation_links.html.erb (1.6ms)
  Rendered layouts/_navigation.html.erb (3.0ms)
  Rendered layouts/_messages.html.erb (0.1ms)
Completed 200 OK in 242ms (Views: 235.9ms | ActiveRecord: 0.5ms)


Started GET "/groups/new" for 127.0.0.1 at 2015-12-02 21:54:19 -0800

ActionController::RoutingError - uninitialized constant GroupsController:
  actionpack (4.2.0) lib/action_dispatch/routing/route_set.rb:62:in `rescue in controller'
  actionpack (4.2.0) lib/action_dispatch/routing/route_set.rb:57:in `controller'
  actionpack (4.2.0) lib/action_dispatch/routing/route_set.rb:38:in `serve'
  actionpack (4.2.0) lib/action_dispatch/journey/router.rb:43:in `block in serve'
  actionpack (4.2.0) lib/action_dispatch/journey/router.rb:30:in `serve'
  actionpack (4.2.0) lib/action_dispatch/routing/route_set.rb:802:in `call'
  warden (1.2.3) lib/warden/manager.rb:35:in `block in call'
  warden (1.2.3) lib/warden/manager.rb:34:in `call'
  rack (1.6.4) lib/rack/etag.rb:24:in `call'
  rack (1.6.4) lib/rack/conditionalget.rb:25:in `call'
  rack (1.6.4) lib/rack/head.rb:13:in `call'
  actionpack (4.2.0) lib/action_dispatch/middleware/params_parser.rb:27:in `call'
  actionpack (4.2.0) lib/action_dispatch/middleware/flash.rb:260:in `call'
  rack (1.6.4) lib/rack/session/abstract/id.rb:225:in `context'
  rack (1.6.4) lib/rack/session/abstract/id.rb:220:in `call'
  actionpack (4.2.0) lib/action_dispatch/middleware/cookies.rb:560:in `call'
  activerecord (4.2.0) lib/active_record/query_cache.rb:36:in `call'
  activerecord (4.2.0) lib/active_record/connection_adapters/abstract/connection_pool.rb:647:in `call'
  activerecord (4.2.0) lib/active_record/migration.rb:378:in `call'
  actionpack (4.2.0) lib/action_dispatch/middleware/callbacks.rb:29:in `block in call'
  activesupport (4.2.0) lib/active_support/callbacks.rb:88:in `_run_callbacks'
  activesupport (4.2.0) lib/active_support/callbacks.rb:734:in `_run_call_callbacks'
  activesupport (4.2.0) lib/active_support/callbacks.rb:81:in `run_callbacks'
  actionpack (4.2.0) lib/action_dispatch/middleware/callbacks.rb:27:in `call'
  actionpack (4.2.0) lib/action_dispatch/middleware/reloader.rb:73:in `call'
  actionpack (4.2.0) lib/action_dispatch/middleware/remote_ip.rb:78:in `call'
  better_errors (2.1.1) lib/better_errors/middleware.rb:84:in `protected_app_call'
  better_errors (2.1.1) lib/better_errors/middleware.rb:79:in `better_errors_call'
  better_errors (2.1.1) lib/better_errors/middleware.rb:57:in `call'
  actionpack (4.2.0) lib/action_dispatch/middleware/debug_exceptions.rb:17:in `call'
  actionpack (4.2.0) lib/action_dispatch/middleware/show_exceptions.rb:30:in `call'
  railties (4.2.0) lib/rails/rack/logger.rb:38:in `call_app'
  railties (4.2.0) lib/rails/rack/logger.rb:20:in `block in call'
  activesupport (4.2.0) lib/active_support/tagged_logging.rb:68:in `block in tagged'
  activesupport (4.2.0) lib/active_support/tagged_logging.rb:26:in `tagged'
  activesupport (4.2.0) lib/active_support/tagged_logging.rb:68:in `tagged'
  railties (4.2.0) lib/rails/rack/logger.rb:20:in `call'
  quiet_assets (1.1.0) lib/quiet_assets.rb:27:in `call_with_quiet_assets'
  actionpack (4.2.0) lib/action_dispatch/middleware/request_id.rb:21:in `call'
  rack (1.6.4) lib/rack/methodoverride.rb:22:in `call'
  rack (1.6.4) lib/rack/runtime.rb:18:in `call'
  activesupport (4.2.0) lib/active_support/cache/strategy/local_cache_middleware.rb:28:in `call'
  rack (1.6.4) lib/rack/lock.rb:17:in `call'
  actionpack (4.2.0) lib/action_dispatch/middleware/static.rb:113:in `call'
  rack (1.6.4) lib/rack/sendfile.rb:113:in `call'
  railties (4.2.0) lib/rails/engine.rb:518:in `call'
  railties (4.2.0) lib/rails/application.rb:164:in `call'
  rack (1.6.4) lib/rack/content_length.rb:15:in `call'
  thin (1.6.4) lib/thin/connection.rb:86:in `block in pre_process'
  thin (1.6.4) lib/thin/connection.rb:84:in `pre_process'
  thin (1.6.4) lib/thin/connection.rb:53:in `process'
  thin (1.6.4) lib/thin/connection.rb:39:in `receive_data'
  eventmachine (1.0.8) lib/eventmachine.rb:193:in `run'
  thin (1.6.4) lib/thin/backends/base.rb:73:in `start'
  thin (1.6.4) lib/thin/server.rb:162:in `start'
  rack (1.6.4) lib/rack/handler/thin.rb:19:in `run'
  rack (1.6.4) lib/rack/server.rb:286:in `start'
  railties (4.2.0) lib/rails/commands/server.rb:80:in `start'
  railties (4.2.0) lib/rails/commands/commands_tasks.rb:80:in `block in server'
  railties (4.2.0) lib/rails/commands/commands_tasks.rb:75:in `server'
  railties (4.2.0) lib/rails/commands/commands_tasks.rb:39:in `run_command!'
  railties (4.2.0) lib/rails/commands.rb:17:in `<top (required)>'
   () Users/savetheworld/group-proj/bin/rails:8:in `<top (required)>'
  spring (1.4.0) lib/spring/client/rails.rb:28:in `call'
  spring (1.4.0) lib/spring/client/command.rb:7:in `call'
  spring (1.4.0) lib/spring/client.rb:28:in `run'
  spring (1.4.0) bin/spring:49:in `<top (required)>'
  spring (1.4.0) lib/spring/binstub.rb:11:in `<top (required)>'
   () Users/savetheworld/group-proj/bin/spring:16:in `<top (required)>'
   () rails:3:in `<main>'



Started GET "/groups/new" for 127.0.0.1 at 2015-12-02 21:54:19 -0800

ActionController::RoutingError - uninitialized constant GroupsController:
  actionpack (4.2.0) lib/action_dispatch/routing/route_set.rb:62:in `rescue in controller'
  actionpack (4.2.0) lib/action_dispatch/routing/route_set.rb:57:in `controller'
  actionpack (4.2.0) lib/action_dispatch/routing/route_set.rb:38:in `serve'
  actionpack (4.2.0) lib/action_dispatch/journey/router.rb:43:in `block in serve'
  actionpack (4.2.0) lib/action_dispatch/journey/router.rb:30:in `serve'
  actionpack (4.2.0) lib/action_dispatch/routing/route_set.rb:802:in `call'
  warden (1.2.3) lib/warden/manager.rb:35:in `block in call'
  warden (1.2.3) lib/warden/manager.rb:34:in `call'
  rack (1.6.4) lib/rack/etag.rb:24:in `call'
  rack (1.6.4) lib/rack/conditionalget.rb:25:in `call'
  rack (1.6.4) lib/rack/head.rb:13:in `call'
  actionpack (4.2.0) lib/action_dispatch/middleware/params_parser.rb:27:in `call'
  actionpack (4.2.0) lib/action_dispatch/middleware/flash.rb:260:in `call'
  rack (1.6.4) lib/rack/session/abstract/id.rb:225:in `context'
  rack (1.6.4) lib/rack/session/abstract/id.rb:220:in `call'
  actionpack (4.2.0) lib/action_dispatch/middleware/cookies.rb:560:in `call'
  activerecord (4.2.0) lib/active_record/query_cache.rb:36:in `call'
  activerecord (4.2.0) lib/active_record/connection_adapters/abstract/connection_pool.rb:647:in `call'
  activerecord (4.2.0) lib/active_record/migration.rb:378:in `call'
  actionpack (4.2.0) lib/action_dispatch/middleware/callbacks.rb:29:in `block in call'
  activesupport (4.2.0) lib/active_support/callbacks.rb:88:in `_run_callbacks'
  activesupport (4.2.0) lib/active_support/callbacks.rb:734:in `_run_call_callbacks'
  activesupport (4.2.0) lib/active_support/callbacks.rb:81:in `run_callbacks'
  actionpack (4.2.0) lib/action_dispatch/middleware/callbacks.rb:27:in `call'
  actionpack (4.2.0) lib/action_dispatch/middleware/reloader.rb:73:in `call'
  actionpack (4.2.0) lib/action_dispatch/middleware/remote_ip.rb:78:in `call'
  better_errors (2.1.1) lib/better_errors/middleware.rb:84:in `protected_app_call'
  better_errors (2.1.1) lib/better_errors/middleware.rb:79:in `better_errors_call'
  better_errors (2.1.1) lib/better_errors/middleware.rb:57:in `call'
  actionpack (4.2.0) lib/action_dispatch/middleware/debug_exceptions.rb:17:in `call'
  actionpack (4.2.0) lib/action_dispatch/middleware/show_exceptions.rb:30:in `call'
  railties (4.2.0) lib/rails/rack/logger.rb:38:in `call_app'
  railties (4.2.0) lib/rails/rack/logger.rb:20:in `block in call'
  activesupport (4.2.0) lib/active_support/tagged_logging.rb:68:in `block in tagged'
  activesupport (4.2.0) lib/active_support/tagged_logging.rb:26:in `tagged'
  activesupport (4.2.0) lib/active_support/tagged_logging.rb:68:in `tagged'
  railties (4.2.0) lib/rails/rack/logger.rb:20:in `call'
  quiet_assets (1.1.0) lib/quiet_assets.rb:27:in `call_with_quiet_assets'
  actionpack (4.2.0) lib/action_dispatch/middleware/request_id.rb:21:in `call'
  rack (1.6.4) lib/rack/methodoverride.rb:22:in `call'
  rack (1.6.4) lib/rack/runtime.rb:18:in `call'
  activesupport (4.2.0) lib/active_support/cache/strategy/local_cache_middleware.rb:28:in `call'
  rack (1.6.4) lib/rack/lock.rb:17:in `call'
  actionpack (4.2.0) lib/action_dispatch/middleware/static.rb:113:in `call'
  rack (1.6.4) lib/rack/sendfile.rb:113:in `call'
  railties (4.2.0) lib/rails/engine.rb:518:in `call'
  railties (4.2.0) lib/rails/application.rb:164:in `call'
  rack (1.6.4) lib/rack/content_length.rb:15:in `call'
  thin (1.6.4) lib/thin/connection.rb:86:in `block in pre_process'
  thin (1.6.4) lib/thin/connection.rb:84:in `pre_process'
  thin (1.6.4) lib/thin/connection.rb:53:in `process'
  thin (1.6.4) lib/thin/connection.rb:39:in `receive_data'
  eventmachine (1.0.8) lib/eventmachine.rb:193:in `run'
  thin (1.6.4) lib/thin/backends/base.rb:73:in `start'
  thin (1.6.4) lib/thin/server.rb:162:in `start'
  rack (1.6.4) lib/rack/handler/thin.rb:19:in `run'
  rack (1.6.4) lib/rack/server.rb:286:in `start'
  railties (4.2.0) lib/rails/commands/server.rb:80:in `start'
  railties (4.2.0) lib/rails/commands/commands_tasks.rb:80:in `block in server'
  railties (4.2.0) lib/rails/commands/commands_tasks.rb:75:in `server'
  railties (4.2.0) lib/rails/commands/commands_tasks.rb:39:in `run_command!'
  railties (4.2.0) lib/rails/commands.rb:17:in `<top (required)>'
   () Users/savetheworld/group-proj/bin/rails:8:in `<top (required)>'
  spring (1.4.0) lib/spring/client/rails.rb:28:in `call'
  spring (1.4.0) lib/spring/client/command.rb:7:in `call'
  spring (1.4.0) lib/spring/client.rb:28:in `run'
  spring (1.4.0) bin/spring:49:in `<top (required)>'
  spring (1.4.0) lib/spring/binstub.rb:11:in `<top (required)>'
   () Users/savetheworld/group-proj/bin/spring:16:in `<top (required)>'
   () rails:3:in `<main>'



Started POST "/__better_errors/dafdbad5f37274a4/variables" for 127.0.0.1 at 2015-12-02 21:54:20 -0800

NameError (wrong local variable name `#$!' for #<Binding:0x007fa1fba518c0>):
  better_errors (2.1.1) lib/better_errors/stack_frame.rb:73:in `local_variable_get'
  better_errors (2.1.1) lib/better_errors/stack_frame.rb:73:in `block in local_variables'
  better_errors (2.1.1) lib/better_errors/stack_frame.rb:71:in `each'
  better_errors (2.1.1) lib/better_errors/stack_frame.rb:71:in `each_with_object'
  better_errors (2.1.1) lib/better_errors/stack_frame.rb:71:in `local_variables'
  (erubis:52:in `render'
  erubis (2.7.0) lib/erubis/evaluator.rb:65:in `eval'
  erubis (2.7.0) lib/erubis/evaluator.rb:65:in `result'
  better_errors (2.1.1) lib/better_errors/error_page.rb:30:in `render'
  better_errors (2.1.1) lib/better_errors/error_page.rb:37:in `do_variables'
  better_errors (2.1.1) lib/better_errors/middleware.rb:132:in `internal_call'
  better_errors (2.1.1) lib/better_errors/middleware.rb:75:in `better_errors_call'
  better_errors (2.1.1) lib/better_errors/middleware.rb:57:in `call'
  actionpack (4.2.0) lib/action_dispatch/middleware/debug_exceptions.rb:17:in `call'
  actionpack (4.2.0) lib/action_dispatch/middleware/show_exceptions.rb:30:in `call'
  railties (4.2.0) lib/rails/rack/logger.rb:38:in `call_app'
  railties (4.2.0) lib/rails/rack/logger.rb:20:in `block in call'
  activesupport (4.2.0) lib/active_support/tagged_logging.rb:68:in `block in tagged'
  activesupport (4.2.0) lib/active_support/tagged_logging.rb:26:in `tagged'
  activesupport (4.2.0) lib/active_support/tagged_logging.rb:68:in `tagged'
  railties (4.2.0) lib/rails/rack/logger.rb:20:in `call'
  quiet_assets (1.1.0) lib/quiet_assets.rb:27:in `call_with_quiet_assets'
  actionpack (4.2.0) lib/action_dispatch/middleware/request_id.rb:21:in `call'
  rack (1.6.4) lib/rack/methodoverride.rb:22:in `call'
  rack (1.6.4) lib/rack/runtime.rb:18:in `call'
  activesupport (4.2.0) lib/active_support/cache/strategy/local_cache_middleware.rb:28:in `call'
  rack (1.6.4) lib/rack/lock.rb:17:in `call'
  actionpack (4.2.0) lib/action_dispatch/middleware/static.rb:113:in `call'
  rack (1.6.4) lib/rack/sendfile.rb:113:in `call'
  railties (4.2.0) lib/rails/engine.rb:518:in `call'
  railties (4.2.0) lib/rails/application.rb:164:in `call'
  rack (1.6.4) lib/rack/content_length.rb:15:in `call'
  thin (1.6.4) lib/thin/connection.rb:86:in `block in pre_process'
  thin (1.6.4) lib/thin/connection.rb:84:in `catch'
  thin (1.6.4) lib/thin/connection.rb:84:in `pre_process'
  thin (1.6.4) lib/thin/connection.rb:53:in `process'
  thin (1.6.4) lib/thin/connection.rb:39:in `receive_data'
  eventmachine (1.0.8) lib/eventmachine.rb:193:in `run_machine'
  eventmachine (1.0.8) lib/eventmachine.rb:193:in `run'
  thin (1.6.4) lib/thin/backends/base.rb:73:in `start'
  thin (1.6.4) lib/thin/server.rb:162:in `start'
  rack (1.6.4) lib/rack/handler/thin.rb:19:in `run'
  rack (1.6.4) lib/rack/server.rb:286:in `start'
  railties (4.2.0) lib/rails/commands/server.rb:80:in `start'
  railties (4.2.0) lib/rails/commands/commands_tasks.rb:80:in `block in server'
  railties (4.2.0) lib/rails/commands/commands_tasks.rb:75:in `tap'
  railties (4.2.0) lib/rails/commands/commands_tasks.rb:75:in `server'
  railties (4.2.0) lib/rails/commands/commands_tasks.rb:39:in `run_command!'
  railties (4.2.0) lib/rails/commands.rb:17:in `<top (required)>'
  bin/rails:8:in `require'
  bin/rails:8:in `<top (required)>'
  spring (1.4.0) lib/spring/client/rails.rb:28:in `load'
  spring (1.4.0) lib/spring/client/rails.rb:28:in `call'
  spring (1.4.0) lib/spring/client/command.rb:7:in `call'
  spring (1.4.0) lib/spring/client.rb:28:in `run'
  spring (1.4.0) bin/spring:49:in `<top (required)>'
  spring (1.4.0) lib/spring/binstub.rb:11:in `load'
  spring (1.4.0) lib/spring/binstub.rb:11:in `<top (required)>'
  bin/spring:16:in `require'
  bin/spring:16:in `<top (required)>'
  bin/rails:3:in `load'
  bin/rails:3:in `<main>'


  Rendered /Users/savetheworld/.rvm/gems/ruby-2.2.0@rails_decal/gems/actionpack-4.2.0/lib/action_dispatch/middleware/templates/rescues/_source.erb (4.7ms)
  Rendered /Users/savetheworld/.rvm/gems/ruby-2.2.0@rails_decal/gems/actionpack-4.2.0/lib/action_dispatch/middleware/templates/rescues/_trace.html.erb (2.3ms)
  Rendered /Users/savetheworld/.rvm/gems/ruby-2.2.0@rails_decal/gems/actionpack-4.2.0/lib/action_dispatch/middleware/templates/rescues/_request_and_response.html.erb (1.2ms)
  Rendered /Users/savetheworld/.rvm/gems/ruby-2.2.0@rails_decal/gems/actionpack-4.2.0/lib/action_dispatch/middleware/templates/rescues/diagnostics.html.erb within rescues/layout (72.4ms)
